<?xml version="1.0" encoding="UTF-8"?>
<!-- Generated by org.testng.reporters.JUnitReportReporter -->
<testsuite hostname="windows" failures="0" tests="1" name="iFrameExample.IframeTest" time="2.623" errors="0" timestamp="2020-05-19T22:14:43 PDT" skipped="0">
  <testcase classname="iFrameExample.IframeTest" name="sample" time="2.623"/>
  <system-out/>
</testsuite> <!-- iFrameExample.IframeTest -->
